[debug] [2022-06-30T14:18:08.308Z] ----------------------------------------------------------------------
[debug] [2022-06-30T14:18:08.314Z] Command:       C:\Program Files\nodejs\node.exe C:\Users\macha\AppData\Roaming\npm\node_modules\firebase-tools\lib\bin\firebase.js init
[debug] [2022-06-30T14:18:08.315Z] CLI Version:   11.1.0
[debug] [2022-06-30T14:18:08.316Z] Platform:      win32
[debug] [2022-06-30T14:18:08.316Z] Node Version:  v16.15.1
[debug] [2022-06-30T14:18:08.383Z] Time:          Thu Jun 30 2022 18:18:08 GMT+0400 (Georgia Standard Time)
[debug] [2022-06-30T14:18:08.383Z] ----------------------------------------------------------------------
[debug] 
[debug] [2022-06-30T14:18:08.405Z] >>> [apiv2][query] GET https://firebase-public.firebaseio.com/cli.json [none]
[debug] [2022-06-30T14:18:08.448Z] > command requires scopes: ["email","openid","https://www.googleapis.com/auth/cloudplatformprojects.readonly","https://www.googleapis.com/auth/firebase","https://www.googleapis.com/auth/cloud-platform"]
[debug] [2022-06-30T14:18:08.449Z] > authorizing via signed-in user (macharashvililuka12@gmail.com)
[info] 
     ######## #### ########  ######## ########     ###     ######  ########
     ##        ##  ##     ## ##       ##     ##  ##   ##  ##       ##
     ######    ##  ########  ######   ########  #########  ######  ######
     ##        ##  ##    ##  ##       ##     ## ##     ##       ## ##
     ##       #### ##     ## ######## ########  ##     ##  ######  ########

You're about to initialize a Firebase project in this directory:

  C:\Users\macha\Desktop\user-auth\user-auth-front

[debug] [2022-06-30T14:18:09.155Z] <<< [apiv2][status] GET https://firebase-public.firebaseio.com/cli.json 200
[debug] [2022-06-30T14:18:09.155Z] <<< [apiv2][body] GET https://firebase-public.firebaseio.com/cli.json {"cloudBuildErrorAfter":1594252800000,"cloudBuildWarnAfter":1590019200000,"defaultNode10After":1594252800000,"minVersion":"3.0.5","node8DeploysDisabledAfter":1613390400000,"node8RuntimeDisabledAfter":1615809600000,"node8WarnAfter":1600128000000}
[info] 
=== Project Setup
[info] 
[info] First, let's associate this project directory with a Firebase project.
[info] You can create multiple project aliases by running firebase use --add, 
[info] but for now we'll just set up a default project.
[info] 
[debug] [2022-06-30T14:18:21.080Z] > refreshing access token with scopes: []
[debug] [2022-06-30T14:18:21.082Z] >>> [apiv2][query] POST https://www.googleapis.com/oauth2/v3/token [none]
[debug] [2022-06-30T14:18:21.082Z] >>> [apiv2][body] POST https://www.googleapis.com/oauth2/v3/token [omitted]
[debug] [2022-06-30T14:18:21.389Z] <<< [apiv2][status] POST https://www.googleapis.com/oauth2/v3/token 200
[debug] [2022-06-30T14:18:21.390Z] <<< [apiv2][body] POST https://www.googleapis.com/oauth2/v3/token [omitted]
[debug] [2022-06-30T14:18:21.450Z] >>> [apiv2][query] GET https://firebase.googleapis.com/v1beta1/projects pageSize=100
[debug] [2022-06-30T14:18:22.215Z] <<< [apiv2][status] GET https://firebase.googleapis.com/v1beta1/projects 200
[debug] [2022-06-30T14:18:22.215Z] <<< [apiv2][body] GET https://firebase.googleapis.com/v1beta1/projects [omitted]
[info] i  Using project user-auth-b4438 (User-Auth) 
[info] 
=== Hosting Setup
[info] 
[info] Your public directory is the folder (relative to your project directory) that
[info] will contain Hosting assets to be uploaded with firebase deploy. If you
[info] have a build process for your assets, use your build's output directory.
[info] 
